<?xml version="1.0" encoding="UTF-8"?>
<!-- Generated by org.testng.reporters.JUnitReportReporter -->
<testsuite skipped="0" hostname="Nazmul_Lenovo" name="test.LoginTest" tests="1" failures="0" timestamp="2022-01-27T13:56:55 CST" time="8.774" errors="0">
  <testcase name="validUserShouldBeAbleToLogin" time="8.774" classname="test.LoginTest"/>
  <system-out/>
</testsuite> <!-- test.LoginTest -->
